       1983.00000000        223.82859802
       1983.08337402        315.22946167
       1983.16662598        547.48223877
       1983.25000000        807.40350342
       1983.33337402        945.90203857
       1983.41662598       1194.12268066
       1983.50000000       1040.52282715
       1983.58337402       1058.41613770
       1983.66662598        814.25799561
       1983.75000000        408.51986694
       1983.83337402        268.91833496
       1983.91662598        191.44818115
       1984.00000000        223.82859802
       1984.08337402        315.22946167
       1984.16662598        547.48223877
       1984.25000000        807.40350342
       1984.33337402        945.90203857
       1984.41662598       1194.12268066
       1984.50000000       1040.52282715
       1984.58337402       1058.41613770
       1984.66662598        814.25799561
       1984.75000000        408.51986694
       1984.83337402        268.91833496
       1984.91662598        191.44818115
       1985.00000000        223.82859802
       1985.08337402        315.22946167
       1985.16662598        547.48223877
       1985.25000000        807.40350342
       1985.33337402        945.90203857
       1985.41662598       1194.12268066
       1985.50000000       1040.52282715
       1985.58337402       1058.41613770
       1985.66662598        814.25799561
       1985.75000000        408.51986694
       1985.83337402        268.91833496
       1985.91662598        191.44818115
       1986.00000000        223.82859802
       1986.08337402        315.22946167
       1986.16662598        547.48223877
       1986.25000000        807.40350342
       1986.33337402        945.90203857
       1986.41662598       1194.12268066
       1986.50000000       1040.52282715
       1986.58337402       1058.41613770
       1986.66662598        814.25799561
       1986.75000000        408.51986694
       1986.83337402        268.91833496
       1986.91662598        191.44818115
       1987.00000000        223.82859802
       1987.08337402        315.22946167
       1987.16662598        547.48223877
       1987.25000000        807.40350342
       1987.33337402        945.90203857
       1987.41662598       1194.12268066
       1987.50000000       1040.52282715
       1987.58337402       1058.41613770
       1987.66662598        814.25799561
       1987.75000000        408.51986694
       1987.83337402        268.91833496
       1987.91662598        191.44818115
       1988.00000000        223.82859802
       1988.08337402        315.22946167
       1988.16662598        547.48223877
       1988.25000000        807.40350342
       1988.33337402        945.90203857
       1988.41662598       1194.12268066
       1988.50000000       1040.52282715
       1988.58337402       1058.41613770
       1988.66662598        814.25799561
       1988.75000000        408.51986694
       1988.83337402        268.91833496
       1988.91662598        191.44818115
       1989.00000000        223.82859802
       1989.08337402        315.22946167
       1989.16662598        547.48223877
       1989.25000000        807.40350342
       1989.33337402        945.90203857
       1989.41662598       1194.12268066
       1989.50000000       1040.52282715
       1989.58337402       1058.41613770
       1989.66662598        814.25799561
       1989.75000000        408.51986694
       1989.83337402        268.91833496
       1989.91662598        191.44818115
       1990.00000000        223.82859802
       1990.08337402        315.22946167
       1990.16662598        547.48223877
       1990.25000000        807.40350342
       1990.33337402        945.90203857
       1990.41662598       1194.12268066
       1990.50000000       1040.52282715
       1990.58337402       1058.41613770
       1990.66662598        814.25799561
       1990.75000000        408.51986694
       1990.83337402        268.91833496
       1990.91662598        191.44818115
       1991.00000000        223.82859802
       1991.08337402        315.22946167
       1991.16662598        547.48223877
       1991.25000000        807.40350342
       1991.33337402        945.90203857
       1991.41662598       1194.12268066
       1991.50000000       1040.52282715
       1991.58337402       1058.41613770
       1991.66662598        814.25799561
       1991.75000000        408.51986694
       1991.83337402        268.91833496
       1991.91662598        191.44818115
       1992.00000000        223.82859802
       1992.08337402        315.22946167
       1992.16662598        547.48223877
       1992.25000000        807.40350342
       1992.33337402        945.90203857
       1992.41662598       1194.12268066
       1992.50000000       1040.52282715
       1992.58337402       1058.41613770
       1992.66662598        814.25799561
       1992.75000000        408.51986694
       1992.83337402        268.91833496
       1992.91662598        191.44818115
       1993.00000000        223.82859802
       1993.08337402        315.22946167
       1993.16662598        547.48223877
       1993.25000000        807.40350342
       1993.33337402        945.90203857
       1993.41662598       1194.12268066
       1993.50000000       1040.52282715
       1993.58337402       1058.41613770
       1993.66662598        814.25799561
       1993.75000000        408.51986694
       1993.83337402        268.91833496
       1993.91662598        191.44818115
       1994.00000000        223.82859802
       1994.08337402        315.22946167
       1994.16662598        547.48223877
       1994.25000000        807.40350342
       1994.33337402        945.90203857
       1994.41662598       1194.12268066
       1994.50000000       1040.52282715
       1994.58337402       1058.41613770
       1994.66662598        814.25799561
       1994.75000000        408.51986694
       1994.83337402        268.91833496
       1994.91662598        191.44818115
       1995.00000000        223.82859802
       1995.08337402        315.22946167
       1995.16662598        547.48223877
       1995.25000000        807.40350342
       1995.33337402        945.90203857
       1995.41662598       1194.12268066
       1995.50000000       1040.52282715
       1995.58337402       1058.41613770
       1995.66662598        814.25799561
       1995.75000000        408.51986694
       1995.83337402        268.91833496
       1995.91662598        191.44818115
       1996.00000000        223.82859802
       1996.08337402        315.22946167
       1996.16662598        547.48223877
       1996.25000000        807.40350342
       1996.33337402        945.90203857
       1996.41662598       1194.12268066
       1996.50000000       1040.52282715
       1996.58337402       1058.41613770
       1996.66662598        814.25799561
       1996.75000000        408.51986694
       1996.83337402        268.91833496
       1996.91662598        191.44818115
       1997.00000000        223.82859802
       1997.08337402        315.22946167
       1997.16662598        547.48223877
       1997.25000000        807.40350342
       1997.33337402        945.90203857
       1997.41662598       1194.12268066
       1997.50000000       1040.52282715
       1997.58337402       1058.41613770
       1997.66662598        814.25799561
       1997.75000000        408.51986694
       1997.83337402        268.91833496
       1997.91662598        191.44818115
       1998.00000000        223.82859802
       1998.08337402        315.22946167
       1998.16662598        547.48223877
       1998.25000000        807.40350342
       1998.33337402        945.90203857
       1998.41662598       1194.12268066
       1998.50000000       1040.52282715
       1998.58337402       1058.41613770
       1998.66662598        814.25799561
       1998.75000000        408.51986694
       1998.83337402        268.91833496
       1998.91662598        191.44818115
       1999.00000000        223.82859802
       1999.08337402        315.22946167
       1999.16662598        547.48223877
       1999.25000000        807.40350342
       1999.33337402        945.90203857
       1999.41662598       1194.12268066
       1999.50000000       1040.52282715
       1999.58337402       1058.41613770
       1999.66662598        814.25799561
       1999.75000000        408.51986694
       1999.83337402        268.91833496
       1999.91662598        191.44818115
       2000.00000000        223.82859802
       2000.08337402        315.22946167
       2000.16662598        547.48223877
       2000.25000000        807.40350342
       2000.33337402        945.90203857
       2000.41662598       1194.12268066
       2000.50000000       1040.52282715
       2000.58337402       1058.41613770
       2000.66662598        814.25799561
       2000.75000000        408.51986694
       2000.83337402        268.91833496
       2000.91662598        191.44818115
       2001.00000000        223.82859802
       2001.08337402        315.22946167
       2001.16662598        547.48223877
       2001.25000000        807.40350342
       2001.33337402        945.90203857
       2001.41662598       1194.12268066
       2001.50000000       1040.52282715
       2001.58337402       1058.41613770
       2001.66662598        814.25799561
       2001.75000000        408.51986694
       2001.83337402        268.91833496
       2001.91662598        191.44818115
       2002.00000000        223.82859802
       2002.08337402        315.22946167
       2002.16662598        547.48223877
       2002.25000000        807.40350342
       2002.33337402        945.90203857
       2002.41662598       1194.12268066
       2002.50000000       1040.52282715
       2002.58337402       1058.41613770
       2002.66662598        814.25799561
       2002.75000000        408.51986694
       2002.83337402        268.91833496
       2002.91662598        191.44818115
       2003.00000000        223.82859802
       2003.08337402        315.22946167
       2003.16662598        547.48223877
       2003.25000000        807.40350342
       2003.33337402        945.90203857
       2003.41662598       1194.12268066
       2003.50000000       1040.52282715
       2003.58337402       1058.41613770
       2003.66662598        814.25799561
       2003.75000000        408.51986694
       2003.83337402        268.91833496
       2003.91662598        191.44818115
       2004.00000000        223.82859802
       2004.08337402        315.22946167
       2004.16662598        547.48223877
       2004.25000000        807.40350342
       2004.33337402        945.90203857
       2004.41662598       1194.12268066
       2004.50000000       1040.52282715
       2004.58337402       1058.41613770
       2004.66662598        814.25799561
       2004.75000000        408.51986694
       2004.83337402        268.91833496
       2004.91662598        191.44818115
       2005.00000000        223.82859802
       2005.08337402        315.22946167
       2005.16662598        547.48223877
       2005.25000000        807.40350342
       2005.33337402        945.90203857
       2005.41662598       1194.12268066
       2005.50000000       1040.52282715
       2005.58337402       1058.41613770
       2005.66662598        814.25799561
       2005.75000000        408.51986694
       2005.83337402        268.91833496
       2005.91662598        191.44818115
       2006.00000000        223.82859802
       2006.08337402        315.22946167
       2006.16662598        547.48223877
       2006.25000000        807.40350342
       2006.33337402        945.90203857
       2006.41662598       1194.12268066
       2006.50000000       1040.52282715
       2006.58337402       1058.41613770
       2006.66662598        814.25799561
       2006.75000000        408.51986694
       2006.83337402        268.91833496
       2006.91662598        191.44818115
       2007.00000000        223.82859802
       2007.08337402        315.22946167
       2007.16662598        547.48223877
       2007.25000000        807.40350342
       2007.33337402        945.90203857
       2007.41662598       1194.12268066
       2007.50000000       1040.52282715
       2007.58337402       1058.41613770
       2007.66662598        814.25799561
       2007.75000000        408.51986694
       2007.83337402        268.91833496
       2007.91662598        191.44818115
       2008.00000000        223.82859802
       2008.08337402        315.22946167
       2008.16662598        547.48223877
       2008.25000000        807.40350342
       2008.33337402        945.90203857
       2008.41662598       1194.12268066
       2008.50000000       1040.52282715
       2008.58337402       1058.41613770
       2008.66662598        814.25799561
       2008.75000000        408.51986694
       2008.83337402        268.91833496
       2008.91662598        191.44818115
       2009.00000000        223.82859802
       2009.08337402        315.22946167
       2009.16662598        547.48223877
       2009.25000000        807.40350342
       2009.33337402        945.90203857
       2009.41662598       1194.12268066
       2009.50000000       1040.52282715
       2009.58337402       1058.41613770
       2009.66662598        814.25799561
       2009.75000000        408.51986694
       2009.83337402        268.91833496
       2009.91662598        191.44818115
       2010.00000000        223.82859802
       2010.08337402        315.22946167
       2010.16662598        547.48223877
       2010.25000000        807.40350342
       2010.33337402        945.90203857
       2010.41662598       1194.12268066
       2010.50000000       1040.52282715
       2010.58337402       1058.41613770
       2010.66662598        814.25799561
       2010.75000000        408.51986694
       2010.83337402        268.91833496
       2010.91662598        191.44818115
       2011.00000000        223.82859802
       2011.08337402        315.22946167
       2011.16662598        547.48223877
       2011.25000000        807.40350342
       2011.33337402        945.90203857
       2011.41662598       1194.12268066
       2011.50000000       1040.52282715
       2011.58337402       1058.41613770
       2011.66662598        814.25799561
       2011.75000000        408.51986694
       2011.83337402        268.91833496
       2011.91662598        191.44818115
       2012.00000000        223.82859802
       2012.08337402        315.22946167
       2012.16662598        547.48223877
       2012.25000000        807.40350342
       2012.33337402        945.90203857
       2012.41662598       1194.12268066
       2012.50000000       1040.52282715
       2012.58337402       1058.41613770
       2012.66662598        814.25799561
       2012.75000000        408.51986694
       2012.83337402        268.91833496
       2012.91662598        191.44818115
       2013.00000000        223.82859802
       2013.08337402        315.22946167
       2013.16662598        547.48223877
       2013.25000000        807.40350342
       2013.33337402        945.90203857
       2013.41662598       1194.12268066
       2013.50000000       1040.52282715
       2013.58337402       1058.41613770
       2013.66662598        814.25799561
       2013.75000000        408.51986694
       2013.83337402        268.91833496
       2013.91662598        191.44818115
